This file contains any messages produced by compilers while
running configure, to aid debugging if configure makes a mistake.

It was created by configure, which was
generated by GNU Autoconf 2.68.  Invocation command line was

  $ ./configure 

## --------- ##
## Platform. ##
## --------- ##

hostname = nblinrh01
uname -m = x86_64
uname -r = 3.13.0-91-generic
uname -s = Linux
uname -v = #138-Ubuntu SMP Fri Jun 24 17:00:34 UTC 2016

/usr/bin/uname -p = unknown
/bin/uname -X     = unknown

/bin/arch              = unknown
/usr/bin/arch -k       = unknown
/usr/convex/getsysinfo = unknown
/usr/bin/hostinfo      = unknown
/bin/machine           = unknown
/usr/bin/oslevel       = unknown
/bin/universe          = unknown

PATH: /opt/VSCode
PATH: /usr/local/sbin
PATH: /usr/local/bin
PATH: /usr/sbin
PATH: /usr/bin
PATH: /sbin
PATH: /bin
PATH: /usr/games
PATH: /usr/local/games


## ----------- ##
## Core tests. ##
## ----------- ##

configure:2242: checking build system type
configure:2256: result: x86_64-unknown-linux-gnu
configure:2276: checking host system type
configure:2289: result: x86_64-unknown-linux-gnu
configure:2309: checking target system type
configure:2322: result: x86_64-unknown-linux-gnu
configure:2381: checking for a BSD-compatible install
configure:2449: result: /usr/bin/install -c
configure:2464: checking for -p flag to install
configure:2477: result: yes
configure:2488: checking whether build environment is sane
configure:2538: result: yes
configure:2669: checking for a thread-safe mkdir -p
configure:2708: result: /bin/mkdir -p
configure:2721: checking for gawk
configure:2737: found /usr/bin/gawk
configure:2748: result: gawk
configure:2759: checking whether make sets $(MAKE)
configure:2781: result: yes
configure:2906: checking for style of include used by make
configure:2934: result: GNU
configure:3055: checking for gcc
configure:3071: found /usr/bin/gcc
configure:3082: result: gcc
configure:3311: checking for C compiler version
configure:3320: gcc --version >&5
gcc (Ubuntu 4.8.4-2ubuntu1~14.04.3) 4.8.4
Copyright (C) 2013 Free Software Foundation, Inc.
This is free software; see the source for copying conditions.  There is NO
warranty; not even for MERCHANTABILITY or FITNESS FOR A PARTICULAR PURPOSE.

configure:3331: $? = 0
configure:3320: gcc -v >&5
Using built-in specs.
COLLECT_GCC=gcc
COLLECT_LTO_WRAPPER=/usr/lib/gcc/x86_64-linux-gnu/4.8/lto-wrapper
Target: x86_64-linux-gnu
Configured with: ../src/configure -v --with-pkgversion='Ubuntu 4.8.4-2ubuntu1~14.04.3' --with-bugurl=file:///usr/share/doc/gcc-4.8/README.Bugs --enable-languages=c,c++,java,go,d,fortran,objc,obj-c++ --prefix=/usr --program-suffix=-4.8 --enable-shared --enable-linker-build-id --libexecdir=/usr/lib --without-included-gettext --enable-threads=posix --with-gxx-include-dir=/usr/include/c++/4.8 --libdir=/usr/lib --enable-nls --with-sysroot=/ --enable-clocale=gnu --enable-libstdcxx-debug --enable-libstdcxx-time=yes --enable-gnu-unique-object --disable-libmudflap --enable-plugin --with-system-zlib --disable-browser-plugin --enable-java-awt=gtk --enable-gtk-cairo --with-java-home=/usr/lib/jvm/java-1.5.0-gcj-4.8-amd64/jre --enable-java-home --with-jvm-root-dir=/usr/lib/jvm/java-1.5.0-gcj-4.8-amd64 --with-jvm-jar-dir=/usr/lib/jvm-exports/java-1.5.0-gcj-4.8-amd64 --with-arch-directory=amd64 --with-ecj-jar=/usr/share/java/eclipse-ecj.jar --enable-objc-gc --enable-multiarch --disable-werror --with-arch-32=i686 --with-abi=m64 --with-multilib-list=m32,m64,mx32 --with-tune=generic --enable-checking=release --build=x86_64-linux-gnu --host=x86_64-linux-gnu --target=x86_64-linux-gnu
Thread model: posix
gcc version 4.8.4 (Ubuntu 4.8.4-2ubuntu1~14.04.3) 
configure:3331: $? = 0
configure:3320: gcc -V >&5
gcc: error: unrecognized command line option '-V'
gcc: fatal error: no input files
compilation terminated.
configure:3331: $? = 4
configure:3320: gcc -qversion >&5
gcc: error: unrecognized command line option '-qversion'
gcc: fatal error: no input files
compilation terminated.
configure:3331: $? = 4
configure:3351: checking whether the C compiler works
configure:3373: gcc     conftest.c  >&5
configure:3377: $? = 0
configure:3425: result: yes
configure:3428: checking for C compiler default output file name
configure:3430: result: a.out
configure:3436: checking for suffix of executables
configure:3443: gcc -o conftest     conftest.c  >&5
configure:3447: $? = 0
configure:3469: result: 
configure:3491: checking whether we are cross compiling
configure:3499: gcc -o conftest     conftest.c  >&5
configure:3503: $? = 0
configure:3510: ./conftest
configure:3514: $? = 0
configure:3529: result: no
configure:3534: checking for suffix of object files
configure:3556: gcc -c    conftest.c >&5
configure:3560: $? = 0
configure:3581: result: o
configure:3585: checking whether we are using the GNU C compiler
configure:3604: gcc -c    conftest.c >&5
configure:3604: $? = 0
configure:3613: result: yes
configure:3622: checking whether gcc accepts -g
configure:3642: gcc -c -g  conftest.c >&5
configure:3642: $? = 0
configure:3683: result: yes
configure:3700: checking for gcc option to accept ISO C89
configure:3764: gcc  -c    conftest.c >&5
configure:3764: $? = 0
configure:3777: result: none needed
configure:3799: checking dependency style of gcc
configure:3910: result: gcc3
configure:4012: checking for g++
configure:4028: found /usr/bin/g++
configure:4039: result: g++
configure:4066: checking for C++ compiler version
configure:4075: g++ --version >&5
g++ (Ubuntu 4.8.4-2ubuntu1~14.04.3) 4.8.4
Copyright (C) 2013 Free Software Foundation, Inc.
This is free software; see the source for copying conditions.  There is NO
warranty; not even for MERCHANTABILITY or FITNESS FOR A PARTICULAR PURPOSE.

configure:4086: $? = 0
configure:4075: g++ -v >&5
Using built-in specs.
COLLECT_GCC=g++
COLLECT_LTO_WRAPPER=/usr/lib/gcc/x86_64-linux-gnu/4.8/lto-wrapper
Target: x86_64-linux-gnu
Configured with: ../src/configure -v --with-pkgversion='Ubuntu 4.8.4-2ubuntu1~14.04.3' --with-bugurl=file:///usr/share/doc/gcc-4.8/README.Bugs --enable-languages=c,c++,java,go,d,fortran,objc,obj-c++ --prefix=/usr --program-suffix=-4.8 --enable-shared --enable-linker-build-id --libexecdir=/usr/lib --without-included-gettext --enable-threads=posix --with-gxx-include-dir=/usr/include/c++/4.8 --libdir=/usr/lib --enable-nls --with-sysroot=/ --enable-clocale=gnu --enable-libstdcxx-debug --enable-libstdcxx-time=yes --enable-gnu-unique-object --disable-libmudflap --enable-plugin --with-system-zlib --disable-browser-plugin --enable-java-awt=gtk --enable-gtk-cairo --with-java-home=/usr/lib/jvm/java-1.5.0-gcj-4.8-amd64/jre --enable-java-home --with-jvm-root-dir=/usr/lib/jvm/java-1.5.0-gcj-4.8-amd64 --with-jvm-jar-dir=/usr/lib/jvm-exports/java-1.5.0-gcj-4.8-amd64 --with-arch-directory=amd64 --with-ecj-jar=/usr/share/java/eclipse-ecj.jar --enable-objc-gc --enable-multiarch --disable-werror --with-arch-32=i686 --with-abi=m64 --with-multilib-list=m32,m64,mx32 --with-tune=generic --enable-checking=release --build=x86_64-linux-gnu --host=x86_64-linux-gnu --target=x86_64-linux-gnu
Thread model: posix
gcc version 4.8.4 (Ubuntu 4.8.4-2ubuntu1~14.04.3) 
configure:4086: $? = 0
configure:4075: g++ -V >&5
g++: error: unrecognized command line option '-V'
g++: fatal error: no input files
compilation terminated.
configure:4086: $? = 4
configure:4075: g++ -qversion >&5
g++: error: unrecognized command line option '-qversion'
g++: fatal error: no input files
compilation terminated.
configure:4086: $? = 4
configure:4090: checking whether we are using the GNU C++ compiler
configure:4109: g++ -c    conftest.cpp >&5
configure:4109: $? = 0
configure:4118: result: yes
configure:4127: checking whether g++ accepts -g
configure:4147: g++ -c -g  conftest.cpp >&5
configure:4147: $? = 0
configure:4188: result: yes
configure:4213: checking dependency style of g++
configure:4324: result: gcc3
configure:4497: checking whether g++ supports -fno-exceptions
configure:4516: result: yes
configure:4528: checking whether g++ supports -fno-check-new
configure:4547: result: yes
configure:4559: checking whether g++ supports -fexceptions
configure:4578: result: yes
configure:4652: checking how to run the C++ preprocessor
configure:4679: g++ -E  conftest.cpp
configure:4679: $? = 0
configure:4693: g++ -E  conftest.cpp
conftest.cpp:11:28: fatal error: ac_nonexistent.h: No such file or directory
 #include <ac_nonexistent.h>
                            ^
compilation terminated.
configure:4693: $? = 1
configure: failed program was:
| /* confdefs.h */
| #define PACKAGE_NAME ""
| #define PACKAGE_TARNAME ""
| #define PACKAGE_VERSION ""
| #define PACKAGE_STRING ""
| #define PACKAGE_BUGREPORT ""
| #define PACKAGE_URL ""
| #define PACKAGE "viswalld"
| #define VERSION "0.1"
| /* end confdefs.h.  */
| #include <ac_nonexistent.h>
configure:4718: result: g++ -E
configure:4738: g++ -E  conftest.cpp
configure:4738: $? = 0
configure:4752: g++ -E  conftest.cpp
conftest.cpp:11:28: fatal error: ac_nonexistent.h: No such file or directory
 #include <ac_nonexistent.h>
                            ^
compilation terminated.
configure:4752: $? = 1
configure: failed program was:
| /* confdefs.h */
| #define PACKAGE_NAME ""
| #define PACKAGE_TARNAME ""
| #define PACKAGE_VERSION ""
| #define PACKAGE_STRING ""
| #define PACKAGE_BUGREPORT ""
| #define PACKAGE_URL ""
| #define PACKAGE "viswalld"
| #define VERSION "0.1"
| /* end confdefs.h.  */
| #include <ac_nonexistent.h>
configure:4819: checking whether g++ supports -frepo
configure:4838: result: yes
configure:5018: checking for ld used by GCC
configure:5081: result: /usr/bin/ld
configure:5088: checking if the linker (/usr/bin/ld) is GNU ld
GNU ld (GNU Binutils for Ubuntu) 2.24
configure:5100: result: yes
configure:5105: checking for /usr/bin/ld option to reload object files
configure:5112: result: -r
configure:5117: checking for BSD-compatible nm
configure:5153: result: /usr/bin/nm -B
configure:5156: checking whether ln -s works
configure:5163: result: no, using ln
configure:5167: checking how to recognise dependant libraries
configure:5338: result: file_magic ELF [0-9][0-9]*-bit [LM]SB (shared object|dynamic lib )
configure:5353: checking for file
configure:5408: result: /usr/bin/file
configure:5531: checking for ranlib
configure:5547: found /usr/bin/ranlib
configure:5558: result: ranlib
configure:5623: checking for strip
configure:5639: found /usr/bin/strip
configure:5650: result: strip
ltcf-c.sh:need_lc: gcc -c -O2    conftest.c 1>&5
ltcf-c.sh:need_lc: gcc -shared conftest.  -v -Wl,-soname -Wl,conftest -o conftest
ltconfig:678:checking for gcc option to produce PIC
ltconfig:687:checking that gcc PIC flag -fPIC -DPIC works.
ltconfig:697: gcc -c -O2   -fPIC -DPIC -DPIC  conftest.c 1>&5
ltconfig:749: checking if gcc static flag -static works
ltconfig:758: gcc -o conftest -O2     -static conftest.c  1>&5
ltconfig:780: finding the maximum length of command line arguments
ltconfig:@lineno@: result: 73729
ltconfig:829: checking if gcc supports -c -o file.o
ltconfig:830: gcc -c -O2   -o out/conftest2.o  conftest.c 1>&5
ltconfig:883: checking if gcc supports -fno-rtti -fno-exceptions
ltconfig:884: gcc -c -O2   -fno-rtti -fno-exceptions -c conftest.c  conftest.c 1>&5
ltconfig:1423: checking if global_symbol_pipe works
ltconfig:1424: gcc -c -O2    conftest.c 1>&5
ltconfig:1427: eval "/usr/bin/nm -B conftest.o | sed -n -e 's/^.*[ 	]\([ABCDGISTW]\)[ 	][ 	]*\(\)\([_A-Za-z][_A-Za-z0-9]*\)$/\1 \2\3 \3/p' > conftest.nm"
ltconfig:1479: gcc -o conftest -O2   -fno-builtin   conftest.c conftstm.o 1>&5
g++ -E conftest.cc
ltconfig:678:checking for g++ option to produce PIC
ltconfig:687:checking that g++ PIC flag -fPIC -DPIC works.
ltconfig:697: g++ -c -O2 -fno-exceptions -fno-check-new -fPIC -DPIC -DPIC  conftest.cc 1>&5
ltconfig:749: checking if g++ static flag -static works
ltconfig:758: g++ -o conftest -O2 -fno-exceptions -fno-check-new   -static conftest.cc  1>&5
ltconfig:780: finding the maximum length of command line arguments
ltconfig:@lineno@: result: 73729
ltconfig:829: checking if g++ supports -c -o file.o
ltconfig:830: g++ -c -O2 -fno-exceptions -fno-check-new -o out/conftest2.o  conftest.cc 1>&5
ltconfig:883: checking if g++ supports -fno-rtti -fno-exceptions
ltconfig:884: g++ -c -O2 -fno-exceptions -fno-check-new -fno-rtti -fno-exceptions -c conftest.cc  conftest.cc 1>&5
ltconfig:1423: checking if global_symbol_pipe works
ltconfig:1424: g++ -c -O2 -fno-exceptions -fno-check-new  conftest.cc 1>&5
ltconfig:1427: eval "/usr/bin/nm -B conftest.o | sed -n -e 's/^.*[ 	]\([ABCDGISTW]\)[ 	][ 	]*\(\)\([_A-Za-z][_A-Za-z0-9]*\)$/\1 \2\3 \3/p' > conftest.nm"
ltconfig:1479: g++ -o conftest -O2 -fno-exceptions -fno-check-new -fno-builtin -fno-rtti -fno-exceptions   conftest.cc conftstm.o 1>&5
configure:5970: checking how to run the C preprocessor
configure:6001: gcc -E  conftest.c
configure:6001: $? = 0
configure:6015: gcc -E  conftest.c
conftest.c:12:28: fatal error: ac_nonexistent.h: No such file or directory
 #include <ac_nonexistent.h>
                            ^
compilation terminated.
configure:6015: $? = 1
configure: failed program was:
| /* confdefs.h */
| #define PACKAGE_NAME ""
| #define PACKAGE_TARNAME ""
| #define PACKAGE_VERSION ""
| #define PACKAGE_STRING ""
| #define PACKAGE_BUGREPORT ""
| #define PACKAGE_URL ""
| #define PACKAGE "viswalld"
| #define VERSION "0.1"
| #define HAVE_TEMPLATE_REPOSITORY 1
| /* end confdefs.h.  */
| #include <ac_nonexistent.h>
configure:6040: result: gcc -E
configure:6060: gcc -E  conftest.c
configure:6060: $? = 0
configure:6074: gcc -E  conftest.c
conftest.c:12:28: fatal error: ac_nonexistent.h: No such file or directory
 #include <ac_nonexistent.h>
                            ^
compilation terminated.
configure:6074: $? = 1
configure: failed program was:
| /* confdefs.h */
| #define PACKAGE_NAME ""
| #define PACKAGE_TARNAME ""
| #define PACKAGE_VERSION ""
| #define PACKAGE_STRING ""
| #define PACKAGE_BUGREPORT ""
| #define PACKAGE_URL ""
| #define PACKAGE "viswalld"
| #define VERSION "0.1"
| #define HAVE_TEMPLATE_REPOSITORY 1
| /* end confdefs.h.  */
| #include <ac_nonexistent.h>
configure:6103: checking for grep that handles long lines and -e
configure:6161: result: /bin/grep
configure:6166: checking for egrep
configure:6228: result: /bin/grep -E
configure:6233: checking for ANSI C header files
configure:6253: gcc -c -O2    conftest.c >&5
configure:6253: $? = 0
configure:6326: gcc -o conftest -O2     conftest.c  >&5
configure:6326: $? = 0
configure:6326: ./conftest
configure:6326: $? = 0
configure:6337: result: yes
configure:6350: checking for sys/types.h
configure:6350: gcc -c -O2    conftest.c >&5
configure:6350: $? = 0
configure:6350: result: yes
configure:6350: checking for sys/stat.h
configure:6350: gcc -c -O2    conftest.c >&5
configure:6350: $? = 0
configure:6350: result: yes
configure:6350: checking for stdlib.h
configure:6350: gcc -c -O2    conftest.c >&5
configure:6350: $? = 0
configure:6350: result: yes
configure:6350: checking for string.h
configure:6350: gcc -c -O2    conftest.c >&5
configure:6350: $? = 0
configure:6350: result: yes
configure:6350: checking for memory.h
configure:6350: gcc -c -O2    conftest.c >&5
configure:6350: $? = 0
configure:6350: result: yes
configure:6350: checking for strings.h
configure:6350: gcc -c -O2    conftest.c >&5
configure:6350: $? = 0
configure:6350: result: yes
configure:6350: checking for inttypes.h
configure:6350: gcc -c -O2    conftest.c >&5
configure:6350: $? = 0
configure:6350: result: yes
configure:6350: checking for stdint.h
configure:6350: gcc -c -O2    conftest.c >&5
configure:6350: $? = 0
configure:6350: result: yes
configure:6350: checking for unistd.h
configure:6350: gcc -c -O2    conftest.c >&5
configure:6350: $? = 0
configure:6350: result: yes
configure:6364: checking for dlopen in -ldl
configure:6389: gcc -o conftest -O2     conftest.c -ldl   >&5
configure:6389: $? = 0
configure:6398: result: yes
configure:6408: checking for shl_unload in -ldld
configure:6433: gcc -o conftest -O2     conftest.c -ldld   >&5
/usr/bin/ld: cannot find -ldld
collect2: error: ld returned 1 exit status
configure:6433: $? = 1
configure: failed program was:
| /* confdefs.h */
| #define PACKAGE_NAME ""
| #define PACKAGE_TARNAME ""
| #define PACKAGE_VERSION ""
| #define PACKAGE_STRING ""
| #define PACKAGE_BUGREPORT ""
| #define PACKAGE_URL ""
| #define PACKAGE "viswalld"
| #define VERSION "0.1"
| #define HAVE_TEMPLATE_REPOSITORY 1
| #define STDC_HEADERS 1
| #define HAVE_SYS_TYPES_H 1
| #define HAVE_SYS_STAT_H 1
| #define HAVE_STDLIB_H 1
| #define HAVE_STRING_H 1
| #define HAVE_MEMORY_H 1
| #define HAVE_STRINGS_H 1
| #define HAVE_INTTYPES_H 1
| #define HAVE_STDINT_H 1
| #define HAVE_UNISTD_H 1
| /* end confdefs.h.  */
| 
| /* Override any GCC internal prototype to avoid an error.
|    Use char because int might match the return type of a GCC
|    builtin and then its argument prototype would still apply.  */
| #ifdef __cplusplus
| extern "C"
| #endif
| char shl_unload ();
| int
| main ()
| {
| return shl_unload ();
|   ;
|   return 0;
| }
configure:6442: result: no
configure:6457: checking dlfcn.h usability
configure:6457: gcc -c -O2    conftest.c >&5
configure:6457: $? = 0
configure:6457: result: yes
configure:6457: checking dlfcn.h presence
configure:6457: gcc -E  conftest.c
configure:6457: $? = 0
configure:6457: result: yes
configure:6457: checking for dlfcn.h
configure:6457: result: yes
configure:6457: checking dl.h usability
configure:6457: gcc -c -O2    conftest.c >&5
conftest.c:56:16: fatal error: dl.h: No such file or directory
 #include <dl.h>
                ^
compilation terminated.
configure:6457: $? = 1
configure: failed program was:
| /* confdefs.h */
| #define PACKAGE_NAME ""
| #define PACKAGE_TARNAME ""
| #define PACKAGE_VERSION ""
| #define PACKAGE_STRING ""
| #define PACKAGE_BUGREPORT ""
| #define PACKAGE_URL ""
| #define PACKAGE "viswalld"
| #define VERSION "0.1"
| #define HAVE_TEMPLATE_REPOSITORY 1
| #define STDC_HEADERS 1
| #define HAVE_SYS_TYPES_H 1
| #define HAVE_SYS_STAT_H 1
| #define HAVE_STDLIB_H 1
| #define HAVE_STRING_H 1
| #define HAVE_MEMORY_H 1
| #define HAVE_STRINGS_H 1
| #define HAVE_INTTYPES_H 1
| #define HAVE_STDINT_H 1
| #define HAVE_UNISTD_H 1
| #define HAVE_DLFCN_H 1
| /* end confdefs.h.  */
| #include <stdio.h>
| #ifdef HAVE_SYS_TYPES_H
| # include <sys/types.h>
| #endif
| #ifdef HAVE_SYS_STAT_H
| # include <sys/stat.h>
| #endif
| #ifdef STDC_HEADERS
| # include <stdlib.h>
| # include <stddef.h>
| #else
| # ifdef HAVE_STDLIB_H
| #  include <stdlib.h>
| # endif
| #endif
| #ifdef HAVE_STRING_H
| # if !defined STDC_HEADERS && defined HAVE_MEMORY_H
| #  include <memory.h>
| # endif
| # include <string.h>
| #endif
| #ifdef HAVE_STRINGS_H
| # include <strings.h>
| #endif
| #ifdef HAVE_INTTYPES_H
| # include <inttypes.h>
| #endif
| #ifdef HAVE_STDINT_H
| # include <stdint.h>
| #endif
| #ifdef HAVE_UNISTD_H
| # include <unistd.h>
| #endif
| #include <dl.h>
configure:6457: result: no
configure:6457: checking dl.h presence
configure:6457: gcc -E  conftest.c
conftest.c:23:16: fatal error: dl.h: No such file or directory
 #include <dl.h>
                ^
compilation terminated.
configure:6457: $? = 1
configure: failed program was:
| /* confdefs.h */
| #define PACKAGE_NAME ""
| #define PACKAGE_TARNAME ""
| #define PACKAGE_VERSION ""
| #define PACKAGE_STRING ""
| #define PACKAGE_BUGREPORT ""
| #define PACKAGE_URL ""
| #define PACKAGE "viswalld"
| #define VERSION "0.1"
| #define HAVE_TEMPLATE_REPOSITORY 1
| #define STDC_HEADERS 1
| #define HAVE_SYS_TYPES_H 1
| #define HAVE_SYS_STAT_H 1
| #define HAVE_STDLIB_H 1
| #define HAVE_STRING_H 1
| #define HAVE_MEMORY_H 1
| #define HAVE_STRINGS_H 1
| #define HAVE_INTTYPES_H 1
| #define HAVE_STDINT_H 1
| #define HAVE_UNISTD_H 1
| #define HAVE_DLFCN_H 1
| /* end confdefs.h.  */
| #include <dl.h>
configure:6457: result: no
configure:6457: checking for dl.h
configure:6457: result: no
configure:6514: checking for extra includes
configure:6542: result: no
configure:6546: checking for extra libs
configure:6575: result: no
configure:6606: checking if viswalld should be compiled
configure:6618: result: yes
configure:6763: creating ./config.status

## ---------------------- ##
## Running config.status. ##
## ---------------------- ##

This file was extended by config.status, which was
generated by GNU Autoconf 2.68.  Invocation command line was

  CONFIG_FILES    = 
  CONFIG_HEADERS  = 
  CONFIG_LINKS    = 
  CONFIG_COMMANDS = 
  $ ./config.status 

on nblinrh01

config.status:907: creating ./Makefile
config.status:907: creating viswalld/Makefile
config.status:907: creating viswalld/docs/Makefile
config.status:907: creating viswalld/docs/en/Makefile
config.status:907: creating config.h
config.status:1088: config.h is unchanged
config.status:1136: executing depfiles commands

## ---------------- ##
## Cache variables. ##
## ---------------- ##

ac_cv_build=x86_64-unknown-linux-gnu
ac_cv_c_compiler_gnu=yes
ac_cv_cxx_compiler_gnu=yes
ac_cv_env_CCC_set=
ac_cv_env_CCC_value=
ac_cv_env_CC_set=
ac_cv_env_CC_value=
ac_cv_env_CFLAGS_set=
ac_cv_env_CFLAGS_value=
ac_cv_env_CPPFLAGS_set=
ac_cv_env_CPPFLAGS_value=
ac_cv_env_CPP_set=
ac_cv_env_CPP_value=
ac_cv_env_CXXCPP_set=
ac_cv_env_CXXCPP_value=
ac_cv_env_CXXFLAGS_set=
ac_cv_env_CXXFLAGS_value=
ac_cv_env_CXX_set=
ac_cv_env_CXX_value=
ac_cv_env_LDFLAGS_set=
ac_cv_env_LDFLAGS_value=
ac_cv_env_LIBS_set=
ac_cv_env_LIBS_value=
ac_cv_env_build_alias_set=
ac_cv_env_build_alias_value=
ac_cv_env_host_alias_set=
ac_cv_env_host_alias_value=
ac_cv_env_target_alias_set=
ac_cv_env_target_alias_value=
ac_cv_have_dlfcn=yes
ac_cv_have_shload=no
ac_cv_header_dl_h=no
ac_cv_header_dlfcn_h=yes
ac_cv_header_inttypes_h=yes
ac_cv_header_memory_h=yes
ac_cv_header_stdc=yes
ac_cv_header_stdint_h=yes
ac_cv_header_stdlib_h=yes
ac_cv_header_string_h=yes
ac_cv_header_strings_h=yes
ac_cv_header_sys_stat_h=yes
ac_cv_header_sys_types_h=yes
ac_cv_header_unistd_h=yes
ac_cv_host=x86_64-unknown-linux-gnu
ac_cv_lib_dl_dlopen=yes
ac_cv_lib_dld_shl_unload=no
ac_cv_objext=o
ac_cv_path_EGREP='/bin/grep -E'
ac_cv_path_GREP=/bin/grep
ac_cv_path_install='/usr/bin/install -c'
ac_cv_path_mkdir=/bin/mkdir
ac_cv_prog_AWK=gawk
ac_cv_prog_CPP='gcc -E'
ac_cv_prog_CXXCPP='g++ -E'
ac_cv_prog_ac_ct_CC=gcc
ac_cv_prog_ac_ct_CXX=g++
ac_cv_prog_ac_ct_RANLIB=ranlib
ac_cv_prog_ac_ct_STRIP=strip
ac_cv_prog_cc_c89=
ac_cv_prog_cc_g=yes
ac_cv_prog_cxx_g=yes
ac_cv_prog_make_make_set=yes
ac_cv_target=x86_64-unknown-linux-gnu
am_cv_CC_dependencies_compiler_type=gcc3
am_cv_CXX_dependencies_compiler_type=gcc3
kde_cv_prog_cxx_fexceptions=yes
kde_cv_prog_cxx_fno_check_new=yes
kde_cv_prog_cxx_fno_exceptions=yes
kde_cv_prog_cxx_frepo=yes
lt_cv_deplibs_check_method='file_magic ELF [0-9][0-9]*-bit [LM]SB (shared object|dynamic lib )'
lt_cv_file_magic_cmd='$MAGIC_CMD'
lt_cv_file_magic_test_file='/lib/libc.so* /lib/libc-*.so'
lt_cv_ld_reload_flag=-r
lt_cv_path_LD=/usr/bin/ld
lt_cv_path_MAGIC_CMD=/usr/bin/file
lt_cv_path_NM='/usr/bin/nm -B'
lt_cv_prog_gnu_ld=yes

## ----------------- ##
## Output variables. ##
## ----------------- ##

ACLOCAL='${SHELL} /mnt/linux/C/viswalld/admin/missing --run aclocal-1.11'
AMDEPBACKSLASH='\'
AMDEP_FALSE='#'
AMDEP_TRUE=''
AMTAR='$${TAR-tar}'
AUTOCONF='${SHELL} /mnt/linux/C/viswalld/admin/missing --run autoconf'
AUTODIRS=''
AUTOHEADER='${SHELL} /mnt/linux/C/viswalld/admin/missing --run autoheader'
AUTOMAKE='${SHELL} /mnt/linux/C/viswalld/admin/missing --run automake-1.11'
AWK='gawk'
CC='gcc'
CCDEPMODE='depmode=gcc3'
CFLAGS='-O2  '
CONF_FILES=' $(top_srcdir)/configure.in.in'
CPP='gcc -E'
CPPFLAGS=''
CXX='g++'
CXXCPP='g++ -E'
CXXDEPMODE='depmode=gcc3'
CXXFLAGS='-O2 -fno-exceptions -fno-check-new'
CYGPATH_W='echo'
DEFS='-DHAVE_CONFIG_H'
DEPDIR='.deps'
ECHO_C=''
ECHO_N='-n'
ECHO_T=''
EGREP='/bin/grep -E'
EXEEXT=''
GREP='/bin/grep'
INSTALL_DATA='${INSTALL} -m 644'
INSTALL_PROGRAM='${INSTALL} $(INSTALL_STRIP_FLAG)'
INSTALL_SCRIPT='${INSTALL}'
INSTALL_STRIP_PROGRAM='$(install_sh) -c -s'
KDE_CXXFLAGS=''
KDE_PLUGIN='-avoid-version -module -no-undefined $(KDE_RPATH) $(KDE_MT_LDFLAGS)'
KDE_USE_CLOSURE_FALSE='#'
KDE_USE_CLOSURE_TRUE=''
KDE_USE_FINAL_FALSE=''
KDE_USE_FINAL_TRUE='#'
LDFLAGS=''
LIBDL='-ldl'
LIBOBJS=''
LIBS=''
LIBTOOL='$(SHELL) $(top_builddir)/libtool'
LN_S='ln'
LTLIBOBJS=''
MAKEINFO='${SHELL} /mnt/linux/C/viswalld/admin/missing --run makeinfo'
MKDIR_P='/bin/mkdir -p'
NOOPT_CXXFLAGS=' -fno-exceptions -fno-check-new'
NOREPO='-fno-repo'
OBJEXT='o'
PACKAGE='viswalld'
PACKAGE_BUGREPORT=''
PACKAGE_NAME=''
PACKAGE_STRING=''
PACKAGE_TARNAME=''
PACKAGE_URL=''
PACKAGE_VERSION=''
PATH_SEPARATOR=':'
RANLIB='ranlib'
REPO='-frepo'
SET_MAKE=''
SHELL='/bin/bash'
STRIP='strip'
TOPSUBDIRS=' viswalld'
USER_INCLUDES=''
USER_LDFLAGS=''
USE_EXCEPTIONS='-fexceptions'
USE_RTTI=''
VERSION='0.1'
ac_ct_CC='gcc'
ac_ct_CXX='g++'
all_includes=' '
all_libraries=' '
am__EXEEXT_FALSE=''
am__EXEEXT_TRUE='#'
am__fastdepCC_FALSE='#'
am__fastdepCC_TRUE=''
am__fastdepCXX_FALSE='#'
am__fastdepCXX_TRUE=''
am__include='include'
am__isrc=''
am__leading_dot='.'
am__nodep='_no'
am__quote=''
am__tar='$${TAR-tar} chof - "$$tardir"'
am__untar='$${TAR-tar} xf -'
bindir='${exec_prefix}/bin'
build='x86_64-unknown-linux-gnu'
build_alias=''
build_cpu='x86_64'
build_os='linux-gnu'
build_vendor='unknown'
datadir='${datarootdir}'
datarootdir='${prefix}/share'
docdir='${datarootdir}/doc/${PACKAGE}'
dvidir='${docdir}'
exec_prefix='${prefix}'
host='x86_64-unknown-linux-gnu'
host_alias=''
host_cpu='x86_64'
host_os='linux-gnu'
host_vendor='unknown'
htmldir='${docdir}'
includedir='${prefix}/include'
infodir='${datarootdir}/info'
install_sh='${SHELL} /mnt/linux/C/viswalld/admin/install-sh'
libdir='${exec_prefix}/lib'
libexecdir='${exec_prefix}/libexec'
localedir='${datarootdir}/locale'
localstatedir='${prefix}/var'
mandir='${datarootdir}/man'
mkdir_p='/bin/mkdir -p'
oldincludedir='/usr/include'
pdfdir='${docdir}'
prefix='/usr/local'
program_transform_name='s,x,x,'
psdir='${docdir}'
sbindir='${exec_prefix}/sbin'
sharedstatedir='${prefix}/com'
sysconfdir='${prefix}/etc'
target='x86_64-unknown-linux-gnu'
target_alias=''
target_cpu='x86_64'
target_os='linux-gnu'
target_vendor='unknown'

## ----------- ##
## confdefs.h. ##
## ----------- ##

/* confdefs.h */
#define PACKAGE_NAME ""
#define PACKAGE_TARNAME ""
#define PACKAGE_VERSION ""
#define PACKAGE_STRING ""
#define PACKAGE_BUGREPORT ""
#define PACKAGE_URL ""
#define PACKAGE "viswalld"
#define VERSION "0.1"
#define HAVE_TEMPLATE_REPOSITORY 1
#define STDC_HEADERS 1
#define HAVE_SYS_TYPES_H 1
#define HAVE_SYS_STAT_H 1
#define HAVE_STDLIB_H 1
#define HAVE_STRING_H 1
#define HAVE_MEMORY_H 1
#define HAVE_STRINGS_H 1
#define HAVE_INTTYPES_H 1
#define HAVE_STDINT_H 1
#define HAVE_UNISTD_H 1
#define HAVE_DLFCN_H 1
#define HAVE_DLFCN 1

configure: exit 0

## ---------------------- ##
## Running config.status. ##
## ---------------------- ##

This file was extended by config.status, which was
generated by GNU Autoconf 2.68.  Invocation command line was

  CONFIG_FILES    = 
  CONFIG_HEADERS  = 
  CONFIG_LINKS    = 
  CONFIG_COMMANDS = 
  $ ./config.status 

on nblinrh01

config.status:907: creating ./Makefile
config.status:907: creating viswalld/Makefile
config.status:907: creating viswalld/docs/Makefile
config.status:907: creating viswalld/docs/en/Makefile
config.status:907: creating config.h
config.status:1088: config.h is unchanged
config.status:1136: executing depfiles commands

## ---------------------- ##
## Running config.status. ##
## ---------------------- ##

This file was extended by config.status, which was
generated by GNU Autoconf 2.68.  Invocation command line was

  CONFIG_FILES    = 
  CONFIG_HEADERS  = 
  CONFIG_LINKS    = 
  CONFIG_COMMANDS = 
  $ ./config.status 

on nblinrh01

config.status:907: creating ./Makefile
config.status:907: creating viswalld/Makefile
config.status:907: creating viswalld/docs/Makefile
config.status:907: creating viswalld/docs/en/Makefile
config.status:907: creating config.h
config.status:1088: config.h is unchanged
config.status:1136: executing depfiles commands

## ---------------------- ##
## Running config.status. ##
## ---------------------- ##

This file was extended by config.status, which was
generated by GNU Autoconf 2.68.  Invocation command line was

  CONFIG_FILES    = 
  CONFIG_HEADERS  = 
  CONFIG_LINKS    = 
  CONFIG_COMMANDS = 
  $ ./config.status 

on nblinrh01

config.status:907: creating ./Makefile
config.status:907: creating viswalld/Makefile
config.status:907: creating viswalld/docs/Makefile
config.status:907: creating viswalld/docs/en/Makefile
config.status:907: creating config.h
config.status:1088: config.h is unchanged
config.status:1136: executing depfiles commands

## ---------------------- ##
## Running config.status. ##
## ---------------------- ##

This file was extended by config.status, which was
generated by GNU Autoconf 2.68.  Invocation command line was

  CONFIG_FILES    = 
  CONFIG_HEADERS  = 
  CONFIG_LINKS    = 
  CONFIG_COMMANDS = 
  $ ./config.status 

on nblinrh01

config.status:907: creating ./Makefile
config.status:907: creating viswalld/Makefile
config.status:907: creating viswalld/docs/Makefile
config.status:907: creating viswalld/docs/en/Makefile
config.status:907: creating config.h
config.status:1088: config.h is unchanged
config.status:1136: executing depfiles commands

## ---------------------- ##
## Running config.status. ##
## ---------------------- ##

This file was extended by config.status, which was
generated by GNU Autoconf 2.68.  Invocation command line was

  CONFIG_FILES    = 
  CONFIG_HEADERS  = 
  CONFIG_LINKS    = 
  CONFIG_COMMANDS = 
  $ ./config.status 

on nblinrh01

config.status:907: creating ./Makefile
config.status:907: creating viswalld/Makefile
config.status:907: creating viswalld/docs/Makefile
config.status:907: creating viswalld/docs/en/Makefile
config.status:907: creating config.h
config.status:1088: config.h is unchanged
config.status:1136: executing depfiles commands

## ---------------------- ##
## Running config.status. ##
## ---------------------- ##

This file was extended by config.status, which was
generated by GNU Autoconf 2.68.  Invocation command line was

  CONFIG_FILES    = 
  CONFIG_HEADERS  = 
  CONFIG_LINKS    = 
  CONFIG_COMMANDS = 
  $ ./config.status 

on nblinrh01

config.status:907: creating ./Makefile
config.status:907: creating viswalld/Makefile
config.status:907: creating viswalld/docs/Makefile
config.status:907: creating viswalld/docs/en/Makefile
config.status:907: creating config.h
config.status:1088: config.h is unchanged
config.status:1136: executing depfiles commands

## ---------------------- ##
## Running config.status. ##
## ---------------------- ##

This file was extended by config.status, which was
generated by GNU Autoconf 2.68.  Invocation command line was

  CONFIG_FILES    = 
  CONFIG_HEADERS  = 
  CONFIG_LINKS    = 
  CONFIG_COMMANDS = 
  $ ./config.status 

on nblinrh01

config.status:907: creating ./Makefile
config.status:907: creating viswalld/Makefile
config.status:907: creating viswalld/docs/Makefile
config.status:907: creating viswalld/docs/en/Makefile
config.status:907: creating config.h
config.status:1088: config.h is unchanged
config.status:1136: executing depfiles commands
